c:\users\roicxy\documents\github repo\teamproyect\project1\project1\debug\vc140.pdb
c:\users\roicxy\documents\github repo\teamproyect\project1\project1\debug\.netframework,version=v4.5.2.assemblyattributes.obj
c:\users\roicxy\documents\github repo\teamproyect\project1\project1\debug\.netframework,version=v4.5.2.assemblyattributes.asm
c:\users\roicxy\documents\github repo\teamproyect\project1\project1\debug\visitor.obj
c:\users\roicxy\documents\github repo\teamproyect\project1\project1\debug\people.obj
c:\users\roicxy\documents\github repo\teamproyect\project1\project1\debug\logform.obj
c:\users\roicxy\documents\github repo\teamproyect\project1\project1\debug\display.obj
c:\users\roicxy\documents\github repo\teamproyect\project1\project1\debug\professor.obj
c:\users\roicxy\documents\github repo\teamproyect\project1\debug\project1.exe
c:\users\roicxy\documents\github repo\teamproyect\project1\debug\project1.pdb
c:\users\roicxy\documents\github repo\teamproyect\project1\project1\debug\project1.logform.resources
c:\users\roicxy\documents\github repo\teamproyect\project1\project1\debug\project1.display.resources
c:\users\roicxy\documents\github repo\teamproyect\project1\project1\debug\project1.vcxproj.generateresource.cache
c:\users\roicxy\documents\github repo\teamproyect\project1\project1\debug\project1.vcxprojresolveassemblyreference.cache
c:\users\roicxy\documents\github repo\teamproyect\project1\project1\debug\project1.tlog\cl.command.1.tlog
c:\users\roicxy\documents\github repo\teamproyect\project1\project1\debug\project1.tlog\cl.read.1.tlog
c:\users\roicxy\documents\github repo\teamproyect\project1\project1\debug\project1.tlog\cl.write.1.tlog
c:\users\roicxy\documents\github repo\teamproyect\project1\project1\debug\project1.tlog\link.command.1.tlog
c:\users\roicxy\documents\github repo\teamproyect\project1\project1\debug\project1.tlog\link.read.1.tlog
c:\users\roicxy\documents\github repo\teamproyect\project1\project1\debug\project1.tlog\link.write.1.tlog
c:\users\roicxy\documents\github repo\teamproyect\project1\project1\debug\project1.tlog\metagen.read.1.tlog
c:\users\roicxy\documents\github repo\teamproyect\project1\project1\debug\project1.tlog\metagen.write.1.tlog
c:\users\roicxy\documents\github repo\teamproyect\project1\project1\debug\project1.tlog\project1.write.1u.tlog
